[2025-11-25 19:44:37] production.ERROR: Route [fees-collect.collect-transactions] not defined. {"view":{"view":"/home/softdvbl/nalopaschool.softecki.com/resources/views/backend/partials/sidebar.blade.php","data":[]},"userId":1922,"exception":"[object] (Spatie\\LaravelIgnition\\Exceptions\\ViewException(code: 0): Route [fees-collect.collect-transactions] not defined. at /home/softdvbl/nalopaschool.softecki.com/vendor/laravel/framework/src/Illuminate/Routing/UrlGenerator.php:467)
[stacktrace]
#0 /home/softdvbl/nalopaschool.softecki.com/vendor/laravel/framework/src/Illuminate/Foundation/helpers.php(826): Illuminate\\Routing\\UrlGenerator->route()
#1 /home/softdvbl/nalopaschool.softecki.com/resources/views/backend/partials/sidebar.blade.php(237): route()
#2 /home/softdvbl/nalopaschool.softecki.com/vendor/laravel/framework/src/Illuminate/Filesystem/Filesystem.php(109): require('/home/softdvbl/...')
#3 /home/softdvbl/nalopaschool.softecki.com/vendor/laravel/framework/src/Illuminate/Filesystem/Filesystem.php(110): Illuminate\\Filesystem\\Filesystem::Illuminate\\Filesystem\\{closure}()
#4 /home/softdvbl/nalopaschool.softecki.com/vendor/laravel/framework/src/Illuminate/View/Engines/PhpEngine.php(58): Illuminate\\Filesystem\\Filesystem->getRequire()
#5 /home/softdvbl/nalopaschool.softecki.com/vendor/laravel/framework/src/Illuminate/View/Engines/CompilerEngine.php(70): Illuminate\\View\\Engines\\PhpEngine->evaluatePath()
#6 /home/softdvbl/nalopaschool.softecki.com/vendor/laravel/framework/src/Illuminate/View/View.php(195): Illuminate\\View\\Engines\\CompilerEngine->get()
#7 /home/softdvbl/nalopaschool.softecki.com/vendor/laravel/framework/src/Illuminate/View/View.php(178): Illuminate\\View\\View->getContents()
#8 /home/softdvbl/nalopaschool.softecki.com/vendor/laravel/framework/src/Illuminate/View/View.php(147): Illuminate\\View\\View->renderContents()
#9 /home/softdvbl/nalopaschool.softecki.com/resources/views/backend/master.blade.php(58): Illuminate\\View\\View->render()
#10 /home/softdvbl/nalopaschool.softecki.com/vendor/laravel/framework/src/Illuminate/Filesystem/Filesystem.php(109): require('/home/softdvbl/...')
#11 /home/softdvbl/nalopaschool.softecki.com/vendor/laravel/framework/src/Illuminate/Filesystem/Filesystem.php(110): Illuminate\\Filesystem\\Filesystem::Illuminate\\Filesystem\\{closure}()
#12 /home/softdvbl/nalopaschool.softecki.com/vendor/laravel/framework/src/Illuminate/View/Engines/PhpEngine.php(58): Illuminate\\Filesystem\\Filesystem->getRequire()
#13 /home/softdvbl/nalopaschool.softecki.com/vendor/laravel/framework/src/Illuminate/View/Engines/CompilerEngine.php(70): Illuminate\\View\\Engines\\PhpEngine->evaluatePath()
#14 /home/softdvbl/nalopaschool.softecki.com/vendor/laravel/framework/src/Illuminate/View/View.php(195): Illuminate\\View\\Engines\\CompilerEngine->get()
#15 /home/softdvbl/nalopaschool.softecki.com/vendor/laravel/framework/src/Illuminate/View/View.php(178): Illuminate\\View\\View->getContents()
#16 /home/softdvbl/nalopaschool.softecki.com/vendor/laravel/framework/src/Illuminate/View/View.php(147): Illuminate\\View\\View->renderContents()
#17 /home/softdvbl/nalopaschool.softecki.com/resources/views/backend/dashboard.blade.php(554): Illuminate\\View\\View->render()
#18 /home/softdvbl/nalopaschool.softecki.com/vendor/laravel/framework/src/Illuminate/Filesystem/Filesystem.php(109): require('/home/softdvbl/...')
#19 /home/softdvbl/nalopaschool.softecki.com/vendor/laravel/framework/src/Illuminate/Filesystem/Filesystem.php(110): Illuminate\\Filesystem\\Filesystem::Illuminate\\Filesystem\\{closure}()
#20 /home/softdvbl/nalopaschool.softecki.com/vendor/laravel/framework/src/Illuminate/View/Engines/PhpEngine.php(58): Illuminate\\Filesystem\\Filesystem->getRequire()
#21 /home/softdvbl/nalopaschool.softecki.com/vendor/laravel/framework/src/Illuminate/View/Engines/CompilerEngine.php(70): Illuminate\\View\\Engines\\PhpEngine->evaluatePath()
#22 /home/softdvbl/nalopaschool.softecki.com/vendor/laravel/framework/src/Illuminate/View/View.php(195): Illuminate\\View\\Engines\\CompilerEngine->get()
#23 /home/softdvbl/nalopaschool.softecki.com/vendor/laravel/framework/src/Illuminate/View/View.php(178): Illuminate\\View\\View->getContents()
#24 /home/softdvbl/nalopaschool.softecki.com/vendor/laravel/framework/src/Illuminate/View/View.php(147): Illuminate\\View\\View->renderContents()
#25 /home/softdvbl/nalopaschool.softecki.com/vendor/laravel/framework/src/Illuminate/Http/Response.php(69): Illuminate\\View\\View->render()
#26 /home/softdvbl/nalopaschool.softecki.com/vendor/laravel/framework/src/Illuminate/Http/Response.php(35): Illuminate\\Http\\Response->setContent()
#27 /home/softdvbl/nalopaschool.softecki.com/vendor/laravel/framework/src/Illuminate/Routing/Router.php(906): Illuminate\\Http\\Response->__construct()
#28 /home/softdvbl/nalopaschool.softecki.com/vendor/laravel/framework/src/Illuminate/Routing/Router.php(875): Illuminate\\Routing\\Router::toResponse()
#29 /home/softdvbl/nalopaschool.softecki.com/vendor/laravel/framework/src/Illuminate/Routing/Router.php(798): Illuminate\\Routing\\Router->prepareResponse()
#30 /home/softdvbl/nalopaschool.softecki.com/vendor/laravel/framework/src/Illuminate/Pipeline/Pipeline.php(141): Illuminate\\Routing\\Router->Illuminate\\Routing\\{closure}()
#31 /home/softdvbl/nalopaschool.softecki.com/app/Http/Middleware/AdminPanel.php(21): Illuminate\\Pipeline\\Pipeline->Illuminate\\Pipeline\\{closure}()
#32 /home/softdvbl/nalopaschool.softecki.com/vendor/laravel/framework/src/Illuminate/Pipeline/Pipeline.php(180): App\\Http\\Middleware\\AdminPanel->handle()
#33 /home/softdvbl/nalopaschool.softecki.com/app/Http/Middleware/AuthenticateRoutes.php(24): Illuminate\\Pipeline\\Pipeline->Illuminate\\Pipeline\\{closure}()
#34 /home/softdvbl/nalopaschool.softecki.com/vendor/laravel/framework/src/Illuminate/Pipeline/Pipeline.php(180): App\\Http\\Middleware\\AuthenticateRoutes->handle()
#35 /home/softdvbl/nalopaschool.softecki.com/app/Http/Middleware/CheckSubscriptionMiddleware.php(20): Illuminate\\Pipeline\\Pipeline->Illuminate\\Pipeline\\{closure}()
#36 /home/softdvbl/nalopaschool.softecki.com/vendor/laravel/framework/src/Illuminate/Pipeline/Pipeline.php(180): App\\Http\\Middleware\\CheckSubscriptionMiddleware->handle()
#37 /home/softdvbl/nalopaschool.softecki.com/app/Http/Middleware/LanguageMiddleware.php(34): Illuminate\\Pipeline\\Pipeline->Illuminate\\Pipeline\\{closure}()
#38 /home/softdvbl/nalopaschool.softecki.com/vendor/laravel/framework/src/Illuminate/Pipeline/Pipeline.php(180): App\\Http\\Middleware\\LanguageMiddleware->handle()
#39 /home/softdvbl/nalopaschool.softecki.com/app/Http/Middleware/XssSanitization.php(27): Illuminate\\Pipeline\\Pipeline->Illuminate\\Pipeline\\{closure}()
#40 /home/softdvbl/nalopaschool.softecki.com/vendor/laravel/framework/src/Illuminate/Pipeline/Pipeline.php(180): App\\Http\\Middleware\\XssSanitization->handle()
#41 /home/softdvbl/nalopaschool.softecki.com/vendor/laravel/framework/src/Illuminate/Routing/Middleware/SubstituteBindings.php(50): Illuminate\\Pipeline\\Pipeline->Illuminate\\Pipeline\\{closure}()
#42 /home/softdvbl/nalopaschool.softecki.com/vendor/laravel/framework/src/Illuminate/Pipeline/Pipeline.php(180): Illuminate\\Routing\\Middleware\\SubstituteBindings->handle()
#43 /home/softdvbl/nalopaschool.softecki.com/vendor/laravel/framework/src/Illuminate/Foundation/Http/Middleware/VerifyCsrfToken.php(78): Illuminate\\Pipeline\\Pipeline->Illuminate\\Pipeline\\{closure}()
#44 /home/softdvbl/nalopaschool.softecki.com/vendor/laravel/framework/src/Illuminate/Pipeline/Pipeline.php(180): Illuminate\\Foundation\\Http\\Middleware\\VerifyCsrfToken->handle()
#45 /home/softdvbl/nalopaschool.softecki.com/vendor/laravel/framework/src/Illuminate/View/Middleware/ShareErrorsFromSession.php(49): Illuminate\\Pipeline\\Pipeline->Illuminate\\Pipeline\\{closure}()
#46 /home/softdvbl/nalopaschool.softecki.com/vendor/laravel/framework/src/Illuminate/Pipeline/Pipeline.php(180): Illuminate\\View\\Middleware\\ShareErrorsFromSession->handle()
#47 /home/softdvbl/nalopaschool.softecki.com/vendor/laravel/framework/src/Illuminate/Cookie/Middleware/AddQueuedCookiesToResponse.php(37): Illuminate\\Pipeline\\Pipeline->Illuminate\\Pipeline\\{closure}()
#48 /home/softdvbl/nalopaschool.softecki.com/vendor/laravel/framework/src/Illuminate/Pipeline/Pipeline.php(180): Illuminate\\Cookie\\Middleware\\AddQueuedCookiesToResponse->handle()
#49 /home/softdvbl/nalopaschool.softecki.com/vendor/laravel/framework/src/Illuminate/Cookie/Middleware/EncryptCookies.php(67): Illuminate\\Pipeline\\Pipeline->Illuminate\\Pipeline\\{closure}()
#50 /home/softdvbl/nalopaschool.softecki.com/vendor/laravel/framework/src/Illuminate/Pipeline/Pipeline.php(180): Illuminate\\Cookie\\Middleware\\EncryptCookies->handle()
#51 /home/softdvbl/nalopaschool.softecki.com/vendor/laravel/framework/src/Illuminate/Pipeline/Pipeline.php(116): Illuminate\\Pipeline\\Pipeline->Illuminate\\Pipeline\\{closure}()
#52 /home/softdvbl/nalopaschool.softecki.com/vendor/laravel/framework/src/Illuminate/Routing/Router.php(799): Illuminate\\Pipeline\\Pipeline->then()
#53 /home/softdvbl/nalopaschool.softecki.com/vendor/laravel/framework/src/Illuminate/Routing/Router.php(776): Illuminate\\Routing\\Router->runRouteWithinStack()
#54 /home/softdvbl/nalopaschool.softecki.com/vendor/laravel/framework/src/Illuminate/Routing/Router.php(740): Illuminate\\Routing\\Router->runRoute()
#55 /home/softdvbl/nalopaschool.softecki.com/vendor/laravel/framework/src/Illuminate/Routing/Router.php(729): Illuminate\\Routing\\Router->dispatchToRoute()
#56 /home/softdvbl/nalopaschool.softecki.com/vendor/laravel/framework/src/Illuminate/Foundation/Http/Kernel.php(190): Illuminate\\Routing\\Router->dispatch()
#57 /home/softdvbl/nalopaschool.softecki.com/vendor/laravel/framework/src/Illuminate/Pipeline/Pipeline.php(141): Illuminate\\Foundation\\Http\\Kernel->Illuminate\\Foundation\\Http\\{closure}()
#58 /home/softdvbl/nalopaschool.softecki.com/vendor/barryvdh/laravel-debugbar/src/Middleware/InjectDebugbar.php(59): Illuminate\\Pipeline\\Pipeline->Illuminate\\Pipeline\\{closure}()
#59 /home/softdvbl/nalopaschool.softecki.com/vendor/laravel/framework/src/Illuminate/Pipeline/Pipeline.php(180): Barryvdh\\Debugbar\\Middleware\\InjectDebugbar->handle()
#60 /home/softdvbl/nalopaschool.softecki.com/app/Http/Middleware/AllowOrigin.php(20): Illuminate\\Pipeline\\Pipeline->Illuminate\\Pipeline\\{closure}()
#61 /home/softdvbl/nalopaschool.softecki.com/vendor/laravel/framework/src/Illuminate/Pipeline/Pipeline.php(180): App\\Http\\Middleware\\AllowOrigin->handle()
#62 /home/softdvbl/nalopaschool.softecki.com/vendor/laravel/framework/src/Illuminate/Session/Middleware/StartSession.php(121): Illuminate\\Pipeline\\Pipeline->Illuminate\\Pipeline\\{closure}()
#63 /home/softdvbl/nalopaschool.softecki.com/vendor/laravel/framework/src/Illuminate/Session/Middleware/StartSession.php(64): Illuminate\\Session\\Middleware\\StartSession->handleStatefulRequest()
#64 /home/softdvbl/nalopaschool.softecki.com/vendor/laravel/framework/src/Illuminate/Pipeline/Pipeline.php(180): Illuminate\\Session\\Middleware\\StartSession->handle()
#65 /home/softdvbl/nalopaschool.softecki.com/Modules/Installer/Http/Middleware/InstallerMiddleware.php(43): Illuminate\\Pipeline\\Pipeline->Illuminate\\Pipeline\\{closure}()
#66 /home/softdvbl/nalopaschool.softecki.com/vendor/laravel/framework/src/Illuminate/Pipeline/Pipeline.php(180): Modules\\Installer\\Http\\Middleware\\InstallerMiddleware->handle()
#67 /home/softdvbl/nalopaschool.softecki.com/vendor/laravel/framework/src/Illuminate/Foundation/Http/Middleware/TransformsRequest.php(21): Illuminate\\Pipeline\\Pipeline->Illuminate\\Pipeline\\{closure}()
#68 /home/softdvbl/nalopaschool.softecki.com/vendor/laravel/framework/src/Illuminate/Foundation/Http/Middleware/ConvertEmptyStringsToNull.php(31): Illuminate\\Foundation\\Http\\Middleware\\TransformsRequest->handle()
#69 /home/softdvbl/nalopaschool.softecki.com/vendor/laravel/framework/src/Illuminate/Pipeline/Pipeline.php(180): Illuminate\\Foundation\\Http\\Middleware\\ConvertEmptyStringsToNull->handle()
#70 /home/softdvbl/nalopaschool.softecki.com/vendor/laravel/framework/src/Illuminate/Foundation/Http/Middleware/TransformsRequest.php(21): Illuminate\\Pipeline\\Pipeline->Illuminate\\Pipeline\\{closure}()
#71 /home/softdvbl/nalopaschool.softecki.com/vendor/laravel/framework/src/Illuminate/Foundation/Http/Middleware/TrimStrings.php(40): Illuminate\\Foundation\\Http\\Middleware\\TransformsRequest->handle()
#72 /home/softdvbl/nalopaschool.softecki.com/vendor/laravel/framework/src/Illuminate/Pipeline/Pipeline.php(180): Illuminate\\Foundation\\Http\\Middleware\\TrimStrings->handle()
#73 /home/softdvbl/nalopaschool.softecki.com/vendor/laravel/framework/src/Illuminate/Foundation/Http/Middleware/ValidatePostSize.php(27): Illuminate\\Pipeline\\Pipeline->Illuminate\\Pipeline\\{closure}()
#74 /home/softdvbl/nalopaschool.softecki.com/vendor/laravel/framework/src/Illuminate/Pipeline/Pipeline.php(180): Illuminate\\Foundation\\Http\\Middleware\\ValidatePostSize->handle()
#75 /home/softdvbl/nalopaschool.softecki.com/vendor/laravel/framework/src/Illuminate/Foundation/Http/Middleware/PreventRequestsDuringMaintenance.php(86): Illuminate\\Pipeline\\Pipeline->Illuminate\\Pipeline\\{closure}()
#76 /home/softdvbl/nalopaschool.softecki.com/vendor/laravel/framework/src/Illuminate/Pipeline/Pipeline.php(180): Illuminate\\Foundation\\Http\\Middleware\\PreventRequestsDuringMaintenance->handle()
#77 /home/softdvbl/nalopaschool.softecki.com/vendor/laravel/framework/src/Illuminate/Http/Middleware/HandleCors.php(49): Illuminate\\Pipeline\\Pipeline->Illuminate\\Pipeline\\{closure}()
#78 /home/softdvbl/nalopaschool.softecki.com/vendor/laravel/framework/src/Illuminate/Pipeline/Pipeline.php(180): Illuminate\\Http\\Middleware\\HandleCors->handle()
#79 /home/softdvbl/nalopaschool.softecki.com/vendor/laravel/framework/src/Illuminate/Http/Middleware/TrustProxies.php(39): Illuminate\\Pipeline\\Pipeline->Illuminate\\Pipeline\\{closure}()
#80 /home/softdvbl/nalopaschool.softecki.com/vendor/laravel/framework/src/Illuminate/Pipeline/Pipeline.php(180): Illuminate\\Http\\Middleware\\TrustProxies->handle()
#81 /home/softdvbl/nalopaschool.softecki.com/vendor/laravel/framework/src/Illuminate/Pipeline/Pipeline.php(116): Illuminate\\Pipeline\\Pipeline->Illuminate\\Pipeline\\{closure}()
#82 /home/softdvbl/nalopaschool.softecki.com/vendor/laravel/framework/src/Illuminate/Foundation/Http/Kernel.php(165): Illuminate\\Pipeline\\Pipeline->then()
#83 /home/softdvbl/nalopaschool.softecki.com/vendor/laravel/framework/src/Illuminate/Foundation/Http/Kernel.php(134): Illuminate\\Foundation\\Http\\Kernel->sendRequestThroughRouter()
#84 /home/softdvbl/nalopaschool.softecki.com/public/index.php(53): Illuminate\\Foundation\\Http\\Kernel->handle()
#85 {main}

[previous exception] [object] (Symfony\\Component\\Routing\\Exception\\RouteNotFoundException(code: 0): Route [fees-collect.collect-transactions] not defined. at /home/softdvbl/nalopaschool.softecki.com/vendor/laravel/framework/src/Illuminate/Routing/UrlGenerator.php:467)
[stacktrace]
#0 /home/softdvbl/nalopaschool.softecki.com/vendor/laravel/framework/src/Illuminate/Foundation/helpers.php(826): Illuminate\\Routing\\UrlGenerator->route()
#1 /home/softdvbl/nalopaschool.softecki.com/storage/framework/views/70e0093ef16d9d3fb589caf73dc5de46322b5fe6.php(205): route()
#2 /home/softdvbl/nalopaschool.softecki.com/vendor/laravel/framework/src/Illuminate/Filesystem/Filesystem.php(109): require('/home/softdvbl/...')
#3 /home/softdvbl/nalopaschool.softecki.com/vendor/laravel/framework/src/Illuminate/Filesystem/Filesystem.php(110): Illuminate\\Filesystem\\Filesystem::Illuminate\\Filesystem\\{closure}()
#4 /home/softdvbl/nalopaschool.softecki.com/vendor/laravel/framework/src/Illuminate/View/Engines/PhpEngine.php(58): Illuminate\\Filesystem\\Filesystem->getRequire()
#5 /home/softdvbl/nalopaschool.softecki.com/vendor/laravel/framework/src/Illuminate/View/Engines/CompilerEngine.php(70): Illuminate\\View\\Engines\\PhpEngine->evaluatePath()
#6 /home/softdvbl/nalopaschool.softecki.com/vendor/laravel/framework/src/Illuminate/View/View.php(195): Illuminate\\View\\Engines\\CompilerEngine->get()
#7 /home/softdvbl/nalopaschool.softecki.com/vendor/laravel/framework/src/Illuminate/View/View.php(178): Illuminate\\View\\View->getContents()
#8 /home/softdvbl/nalopaschool.softecki.com/vendor/laravel/framework/src/Illuminate/View/View.php(147): Illuminate\\View\\View->renderContents()
#9 /home/softdvbl/nalopaschool.softecki.com/storage/framework/views/796c6042f0ad9eaadfec434398e203555f735272.php(58): Illuminate\\View\\View->render()
#10 /home/softdvbl/nalopaschool.softecki.com/vendor/laravel/framework/src/Illuminate/Filesystem/Filesystem.php(109): require('/home/softdvbl/...')
#11 /home/softdvbl/nalopaschool.softecki.com/vendor/laravel/framework/src/Illuminate/Filesystem/Filesystem.php(110): Illuminate\\Filesystem\\Filesystem::Illuminate\\Filesystem\\{closure}()
#12 /home/softdvbl/nalopaschool.softecki.com/vendor/laravel/framework/src/Illuminate/View/Engines/PhpEngine.php(58): Illuminate\\Filesystem\\Filesystem->getRequire()
#13 /home/softdvbl/nalopaschool.softecki.com/vendor/laravel/framework/src/Illuminate/View/Engines/CompilerEngine.php(70): Illuminate\\View\\Engines\\PhpEngine->evaluatePath()
#14 /home/softdvbl/nalopaschool.softecki.com/vendor/laravel/framework/src/Illuminate/View/View.php(195): Illuminate\\View\\Engines\\CompilerEngine->get()
#15 /home/softdvbl/nalopaschool.softecki.com/vendor/laravel/framework/src/Illuminate/View/View.php(178): Illuminate\\View\\View->getContents()
#16 /home/softdvbl/nalopaschool.softecki.com/vendor/laravel/framework/src/Illuminate/View/View.php(147): Illuminate\\View\\View->renderContents()
#17 /home/softdvbl/nalopaschool.softecki.com/storage/framework/views/1feb372dfb65c3f33a8ac664d7a0173c49293f32.php(552): Illuminate\\View\\View->render()
#18 /home/softdvbl/nalopaschool.softecki.com/vendor/laravel/framework/src/Illuminate/Filesystem/Filesystem.php(109): require('/home/softdvbl/...')
#19 /home/softdvbl/nalopaschool.softecki.com/vendor/laravel/framework/src/Illuminate/Filesystem/Filesystem.php(110): Illuminate\\Filesystem\\Filesystem::Illuminate\\Filesystem\\{closure}()
#20 /home/softdvbl/nalopaschool.softecki.com/vendor/laravel/framework/src/Illuminate/View/Engines/PhpEngine.php(58): Illuminate\\Filesystem\\Filesystem->getRequire()
#21 /home/softdvbl/nalopaschool.softecki.com/vendor/laravel/framework/src/Illuminate/View/Engines/CompilerEngine.php(70): Illuminate\\View\\Engines\\PhpEngine->evaluatePath()
#22 /home/softdvbl/nalopaschool.softecki.com/vendor/laravel/framework/src/Illuminate/View/View.php(195): Illuminate\\View\\Engines\\CompilerEngine->get()
#23 /home/softdvbl/nalopaschool.softecki.com/vendor/laravel/framework/src/Illuminate/View/View.php(178): Illuminate\\View\\View->getContents()
#24 /home/softdvbl/nalopaschool.softecki.com/vendor/laravel/framework/src/Illuminate/View/View.php(147): Illuminate\\View\\View->renderContents()
#25 /home/softdvbl/nalopaschool.softecki.com/vendor/laravel/framework/src/Illuminate/Http/Response.php(69): Illuminate\\View\\View->render()
#26 /home/softdvbl/nalopaschool.softecki.com/vendor/laravel/framework/src/Illuminate/Http/Response.php(35): Illuminate\\Http\\Response->setContent()
#27 /home/softdvbl/nalopaschool.softecki.com/vendor/laravel/framework/src/Illuminate/Routing/Router.php(906): Illuminate\\Http\\Response->__construct()
#28 /home/softdvbl/nalopaschool.softecki.com/vendor/laravel/framework/src/Illuminate/Routing/Router.php(875): Illuminate\\Routing\\Router::toResponse()
#29 /home/softdvbl/nalopaschool.softecki.com/vendor/laravel/framework/src/Illuminate/Routing/Router.php(798): Illuminate\\Routing\\Router->prepareResponse()
#30 /home/softdvbl/nalopaschool.softecki.com/vendor/laravel/framework/src/Illuminate/Pipeline/Pipeline.php(141): Illuminate\\Routing\\Router->Illuminate\\Routing\\{closure}()
#31 /home/softdvbl/nalopaschool.softecki.com/app/Http/Middleware/AdminPanel.php(21): Illuminate\\Pipeline\\Pipeline->Illuminate\\Pipeline\\{closure}()
#32 /home/softdvbl/nalopaschool.softecki.com/vendor/laravel/framework/src/Illuminate/Pipeline/Pipeline.php(180): App\\Http\\Middleware\\AdminPanel->handle()
#33 /home/softdvbl/nalopaschool.softecki.com/app/Http/Middleware/AuthenticateRoutes.php(24): Illuminate\\Pipeline\\Pipeline->Illuminate\\Pipeline\\{closure}()
#34 /home/softdvbl/nalopaschool.softecki.com/vendor/laravel/framework/src/Illuminate/Pipeline/Pipeline.php(180): App\\Http\\Middleware\\AuthenticateRoutes->handle()
#35 /home/softdvbl/nalopaschool.softecki.com/app/Http/Middleware/CheckSubscriptionMiddleware.php(20): Illuminate\\Pipeline\\Pipeline->Illuminate\\Pipeline\\{closure}()
#36 /home/softdvbl/nalopaschool.softecki.com/vendor/laravel/framework/src/Illuminate/Pipeline/Pipeline.php(180): App\\Http\\Middleware\\CheckSubscriptionMiddleware->handle()
#37 /home/softdvbl/nalopaschool.softecki.com/app/Http/Middleware/LanguageMiddleware.php(34): Illuminate\\Pipeline\\Pipeline->Illuminate\\Pipeline\\{closure}()
#38 /home/softdvbl/nalopaschool.softecki.com/vendor/laravel/framework/src/Illuminate/Pipeline/Pipeline.php(180): App\\Http\\Middleware\\LanguageMiddleware->handle()
#39 /home/softdvbl/nalopaschool.softecki.com/app/Http/Middleware/XssSanitization.php(27): Illuminate\\Pipeline\\Pipeline->Illuminate\\Pipeline\\{closure}()
#40 /home/softdvbl/nalopaschool.softecki.com/vendor/laravel/framework/src/Illuminate/Pipeline/Pipeline.php(180): App\\Http\\Middleware\\XssSanitization->handle()
#41 /home/softdvbl/nalopaschool.softecki.com/vendor/laravel/framework/src/Illuminate/Routing/Middleware/SubstituteBindings.php(50): Illuminate\\Pipeline\\Pipeline->Illuminate\\Pipeline\\{closure}()
#42 /home/softdvbl/nalopaschool.softecki.com/vendor/laravel/framework/src/Illuminate/Pipeline/Pipeline.php(180): Illuminate\\Routing\\Middleware\\SubstituteBindings->handle()
#43 /home/softdvbl/nalopaschool.softecki.com/vendor/laravel/framework/src/Illuminate/Foundation/Http/Middleware/VerifyCsrfToken.php(78): Illuminate\\Pipeline\\Pipeline->Illuminate\\Pipeline\\{closure}()
#44 /home/softdvbl/nalopaschool.softecki.com/vendor/laravel/framework/src/Illuminate/Pipeline/Pipeline.php(180): Illuminate\\Foundation\\Http\\Middleware\\VerifyCsrfToken->handle()
#45 /home/softdvbl/nalopaschool.softecki.com/vendor/laravel/framework/src/Illuminate/View/Middleware/ShareErrorsFromSession.php(49): Illuminate\\Pipeline\\Pipeline->Illuminate\\Pipeline\\{closure}()
#46 /home/softdvbl/nalopaschool.softecki.com/vendor/laravel/framework/src/Illuminate/Pipeline/Pipeline.php(180): Illuminate\\View\\Middleware\\ShareErrorsFromSession->handle()
#47 /home/softdvbl/nalopaschool.softecki.com/vendor/laravel/framework/src/Illuminate/Cookie/Middleware/AddQueuedCookiesToResponse.php(37): Illuminate\\Pipeline\\Pipeline->Illuminate\\Pipeline\\{closure}()
#48 /home/softdvbl/nalopaschool.softecki.com/vendor/laravel/framework/src/Illuminate/Pipeline/Pipeline.php(180): Illuminate\\Cookie\\Middleware\\AddQueuedCookiesToResponse->handle()
#49 /home/softdvbl/nalopaschool.softecki.com/vendor/laravel/framework/src/Illuminate/Cookie/Middleware/EncryptCookies.php(67): Illuminate\\Pipeline\\Pipeline->Illuminate\\Pipeline\\{closure}()
#50 /home/softdvbl/nalopaschool.softecki.com/vendor/laravel/framework/src/Illuminate/Pipeline/Pipeline.php(180): Illuminate\\Cookie\\Middleware\\EncryptCookies->handle()
#51 /home/softdvbl/nalopaschool.softecki.com/vendor/laravel/framework/src/Illuminate/Pipeline/Pipeline.php(116): Illuminate\\Pipeline\\Pipeline->Illuminate\\Pipeline\\{closure}()
#52 /home/softdvbl/nalopaschool.softecki.com/vendor/laravel/framework/src/Illuminate/Routing/Router.php(799): Illuminate\\Pipeline\\Pipeline->then()
#53 /home/softdvbl/nalopaschool.softecki.com/vendor/laravel/framework/src/Illuminate/Routing/Router.php(776): Illuminate\\Routing\\Router->runRouteWithinStack()
#54 /home/softdvbl/nalopaschool.softecki.com/vendor/laravel/framework/src/Illuminate/Routing/Router.php(740): Illuminate\\Routing\\Router->runRoute()
#55 /home/softdvbl/nalopaschool.softecki.com/vendor/laravel/framework/src/Illuminate/Routing/Router.php(729): Illuminate\\Routing\\Router->dispatchToRoute()
#56 /home/softdvbl/nalopaschool.softecki.com/vendor/laravel/framework/src/Illuminate/Foundation/Http/Kernel.php(190): Illuminate\\Routing\\Router->dispatch()
#57 /home/softdvbl/nalopaschool.softecki.com/vendor/laravel/framework/src/Illuminate/Pipeline/Pipeline.php(141): Illuminate\\Foundation\\Http\\Kernel->Illuminate\\Foundation\\Http\\{closure}()
#58 /home/softdvbl/nalopaschool.softecki.com/vendor/barryvdh/laravel-debugbar/src/Middleware/InjectDebugbar.php(59): Illuminate\\Pipeline\\Pipeline->Illuminate\\Pipeline\\{closure}()
#59 /home/softdvbl/nalopaschool.softecki.com/vendor/laravel/framework/src/Illuminate/Pipeline/Pipeline.php(180): Barryvdh\\Debugbar\\Middleware\\InjectDebugbar->handle()
#60 /home/softdvbl/nalopaschool.softecki.com/app/Http/Middleware/AllowOrigin.php(20): Illuminate\\Pipeline\\Pipeline->Illuminate\\Pipeline\\{closure}()
#61 /home/softdvbl/nalopaschool.softecki.com/vendor/laravel/framework/src/Illuminate/Pipeline/Pipeline.php(180): App\\Http\\Middleware\\AllowOrigin->handle()
#62 /home/softdvbl/nalopaschool.softecki.com/vendor/laravel/framework/src/Illuminate/Session/Middleware/StartSession.php(121): Illuminate\\Pipeline\\Pipeline->Illuminate\\Pipeline\\{closure}()
#63 /home/softdvbl/nalopaschool.softecki.com/vendor/laravel/framework/src/Illuminate/Session/Middleware/StartSession.php(64): Illuminate\\Session\\Middleware\\StartSession->handleStatefulRequest()
#64 /home/softdvbl/nalopaschool.softecki.com/vendor/laravel/framework/src/Illuminate/Pipeline/Pipeline.php(180): Illuminate\\Session\\Middleware\\StartSession->handle()
#65 /home/softdvbl/nalopaschool.softecki.com/Modules/Installer/Http/Middleware/InstallerMiddleware.php(43): Illuminate\\Pipeline\\Pipeline->Illuminate\\Pipeline\\{closure}()
#66 /home/softdvbl/nalopaschool.softecki.com/vendor/laravel/framework/src/Illuminate/Pipeline/Pipeline.php(180): Modules\\Installer\\Http\\Middleware\\InstallerMiddleware->handle()
#67 /home/softdvbl/nalopaschool.softecki.com/vendor/laravel/framework/src/Illuminate/Foundation/Http/Middleware/TransformsRequest.php(21): Illuminate\\Pipeline\\Pipeline->Illuminate\\Pipeline\\{closure}()
#68 /home/softdvbl/nalopaschool.softecki.com/vendor/laravel/framework/src/Illuminate/Foundation/Http/Middleware/ConvertEmptyStringsToNull.php(31): Illuminate\\Foundation\\Http\\Middleware\\TransformsRequest->handle()
#69 /home/softdvbl/nalopaschool.softecki.com/vendor/laravel/framework/src/Illuminate/Pipeline/Pipeline.php(180): Illuminate\\Foundation\\Http\\Middleware\\ConvertEmptyStringsToNull->handle()
#70 /home/softdvbl/nalopaschool.softecki.com/vendor/laravel/framework/src/Illuminate/Foundation/Http/Middleware/TransformsRequest.php(21): Illuminate\\Pipeline\\Pipeline->Illuminate\\Pipeline\\{closure}()
#71 /home/softdvbl/nalopaschool.softecki.com/vendor/laravel/framework/src/Illuminate/Foundation/Http/Middleware/TrimStrings.php(40): Illuminate\\Foundation\\Http\\Middleware\\TransformsRequest->handle()
#72 /home/softdvbl/nalopaschool.softecki.com/vendor/laravel/framework/src/Illuminate/Pipeline/Pipeline.php(180): Illuminate\\Foundation\\Http\\Middleware\\TrimStrings->handle()
#73 /home/softdvbl/nalopaschool.softecki.com/vendor/laravel/framework/src/Illuminate/Foundation/Http/Middleware/ValidatePostSize.php(27): Illuminate\\Pipeline\\Pipeline->Illuminate\\Pipeline\\{closure}()
#74 /home/softdvbl/nalopaschool.softecki.com/vendor/laravel/framework/src/Illuminate/Pipeline/Pipeline.php(180): Illuminate\\Foundation\\Http\\Middleware\\ValidatePostSize->handle()
#75 /home/softdvbl/nalopaschool.softecki.com/vendor/laravel/framework/src/Illuminate/Foundation/Http/Middleware/PreventRequestsDuringMaintenance.php(86): Illuminate\\Pipeline\\Pipeline->Illuminate\\Pipeline\\{closure}()
#76 /home/softdvbl/nalopaschool.softecki.com/vendor/laravel/framework/src/Illuminate/Pipeline/Pipeline.php(180): Illuminate\\Foundation\\Http\\Middleware\\PreventRequestsDuringMaintenance->handle()
#77 /home/softdvbl/nalopaschool.softecki.com/vendor/laravel/framework/src/Illuminate/Http/Middleware/HandleCors.php(49): Illuminate\\Pipeline\\Pipeline->Illuminate\\Pipeline\\{closure}()
#78 /home/softdvbl/nalopaschool.softecki.com/vendor/laravel/framework/src/Illuminate/Pipeline/Pipeline.php(180): Illuminate\\Http\\Middleware\\HandleCors->handle()
#79 /home/softdvbl/nalopaschool.softecki.com/vendor/laravel/framework/src/Illuminate/Http/Middleware/TrustProxies.php(39): Illuminate\\Pipeline\\Pipeline->Illuminate\\Pipeline\\{closure}()
#80 /home/softdvbl/nalopaschool.softecki.com/vendor/laravel/framework/src/Illuminate/Pipeline/Pipeline.php(180): Illuminate\\Http\\Middleware\\TrustProxies->handle()
#81 /home/softdvbl/nalopaschool.softecki.com/vendor/laravel/framework/src/Illuminate/Pipeline/Pipeline.php(116): Illuminate\\Pipeline\\Pipeline->Illuminate\\Pipeline\\{closure}()
#82 /home/softdvbl/nalopaschool.softecki.com/vendor/laravel/framework/src/Illuminate/Foundation/Http/Kernel.php(165): Illuminate\\Pipeline\\Pipeline->then()
#83 /home/softdvbl/nalopaschool.softecki.com/vendor/laravel/framework/src/Illuminate/Foundation/Http/Kernel.php(134): Illuminate\\Foundation\\Http\\Kernel->sendRequestThroughRouter()
#84 /home/softdvbl/nalopaschool.softecki.com/public/index.php(53): Illuminate\\Foundation\\Http\\Kernel->handle()
#85 {main}
"} 
